Using pre-set license
Built from '2020.2/release' branch; Version is '2020.2.2f1 (068178b99f32) revision 426360'; Using compiler version '192528614'; Build Type 'Release'
OS: 'Windows 10 Pro; OS build 19041.804; Version 2004; 64bit' Language: 'ru' Physical Memory: 8144 MB
BatchMode: 1, IsHumanControllingUs: 0, StartBugReporterOnCrash: 0, Is64bit: 1, IsPro: 0

 COMMAND LINE ARGUMENTS:
C:\Program Files\Unity\Hub\Editor\2020.2.2f1\Editor\Unity.exe
-adb2
-batchMode
-noUpm
-name
AssetImportWorker0
-projectPath
C:/Users/Rengetsu/DudeWhereMyLegsGame
-logFile
Logs/AssetImportWorker0.log
-srvPort
57027
Successfully changed project path to: C:/Users/Rengetsu/DudeWhereMyLegsGame
C:/Users/Rengetsu/DudeWhereMyLegsGame
Using Asset Import Pipeline V2.
Refreshing native plugins compatible for Editor in 44.62 ms, found 0 plugins.
Preloading 0 native plugins for Editor in 0.00 ms.
Initialize engine version: 2020.2.2f1 (068178b99f32)
[Subsystems] Discovering subsystems at path C:/Program Files/Unity/Hub/Editor/2020.2.2f1/Editor/Data/Resources/UnitySubsystems
[Subsystems] Discovering subsystems at path C:/Users/Rengetsu/DudeWhereMyLegsGame/Assets
GfxDevice: creating device client; threaded=0
Direct3D:
    Version:  Direct3D 11.0 [level 11.1]
    Renderer: NVIDIA GeForce GTX 1050 Ti (ID=0x1c82)
    Vendor:   
    VRAM:     4018 MB
    Driver:   27.21.14.6140
Initialize mono
Mono path[0] = 'C:/Program Files/Unity/Hub/Editor/2020.2.2f1/Editor/Data/Managed'
Mono path[1] = 'C:/Program Files/Unity/Hub/Editor/2020.2.2f1/Editor/Data/MonoBleedingEdge/lib/mono/unityjit'
Mono config path = 'C:/Program Files/Unity/Hub/Editor/2020.2.2f1/Editor/Data/MonoBleedingEdge/etc'
Using monoOptions --debugger-agent=transport=dt_socket,embedding=1,server=y,suspend=n,address=127.0.0.1:56828
Begin MonoManager ReloadAssembly
Registering precompiled unity dll's ...
Register platform support module: C:/Program Files/Unity/Hub/Editor/2020.2.2f1/Editor/Data/PlaybackEngines/WindowsStandaloneSupport/UnityEditor.WindowsStandalone.Extensions.dll
Registered in 0.003162 seconds.
Native extension for WindowsStandalone target not found
Refreshing native plugins compatible for Editor in 39.82 ms, found 0 plugins.
Preloading 0 native plugins for Editor in 0.00 ms.
Invoked RoslynAnalysisRunner static constructor.
RoslynAnalysisRunner will not be running.
RoslynAnalysisRunner has terminated.
Mono: successfully reloaded assembly
- Completed reload, in  1.493 seconds
Platform modules already initialized, skipping
Registering precompiled user dll's ...
Registered in 0.001032 seconds.
Begin MonoManager ReloadAssembly
Native extension for WindowsStandalone target not found
Refreshing native plugins compatible for Editor in 0.51 ms, found 0 plugins.
Preloading 0 native plugins for Editor in 0.00 ms.
Invoked RoslynAnalysisRunner static constructor.
RoslynAnalysisRunner will not be running.
RoslynAnalysisRunner has terminated.
Mono: successfully reloaded assembly
- Completed reload, in  1.176 seconds
Platform modules already initialized, skipping
========================================================================
Worker process is ready to serve import requests
Launched and connected shader compiler UnityShaderCompiler.exe after 0.10 seconds
Refreshing native plugins compatible for Editor in 0.46 ms, found 0 plugins.
Preloading 0 native plugins for Editor in 0.00 ms.
Unloading 1231 Unused Serialized files (Serialized files now loaded: 0)
System memory in use before: 83.3 MB.
System memory in use after: 83.1 MB.

Unloading 10 unused Assets to reduce memory usage. Loaded Objects now: 1696.
Total: 2.320100 ms (FindLiveObjects: 0.189900 ms CreateObjectMapping: 0.033400 ms MarkObjects: 1.758200 ms  DeleteObjects: 0.337300 ms)

========================================================================
Received Import Request.
  path: Assets/Junkyard models/Models/Bath
  artifactKey: Guid(010bef8b17d06bc4d9ee880bd23f4366) Importer(815301076,1909f56bfc062723c751e8b465ee728b)
Start importing Assets/Junkyard models/Models/Bath using Guid(010bef8b17d06bc4d9ee880bd23f4366) Importer(815301076,1909f56bfc062723c751e8b465ee728b)  -> (artifact id: '40704e01bad476b621988448a225eeb7') in 0.012021 seconds
  Import took 0.017135 seconds .

========================================================================
Received Import Request.
  Time since last request: 0.000058 seconds.
  path: Assets/Junkyard models/Models/Bath/Bath.png
  artifactKey: Guid(ef035f5e64705d14a980b3c249916929) Importer(815301076,1909f56bfc062723c751e8b465ee728b)
Start importing Assets/Junkyard models/Models/Bath/Bath.png using Guid(ef035f5e64705d14a980b3c249916929) Importer(815301076,1909f56bfc062723c751e8b465ee728b)  -> (artifact id: '7fb079f751b37c802cecf756d99c278d') in 0.082315 seconds
  Import took 0.085573 seconds .

========================================================================
Received Import Request.
  Time since last request: 13.545123 seconds.
  path: Assets/Junkyard models/Models/Sink
  artifactKey: Guid(ffb09edfcd3bddb458c6aebe5df61d8d) Importer(815301076,1909f56bfc062723c751e8b465ee728b)
Start importing Assets/Junkyard models/Models/Sink using Guid(ffb09edfcd3bddb458c6aebe5df61d8d) Importer(815301076,1909f56bfc062723c751e8b465ee728b)  -> (artifact id: '076aab04c22bdcca3300d6753bbd7ad9') in 0.017628 seconds
  Import took 0.020562 seconds .

AssetImportWorkerClient::OnTransportError - code=2 error=End of file
